==4011== Memcheck, a memory error detector
==4011== Copyright (C) 2002-2013, and GNU GPL'd, by Julian Seward et al.
==4011== Using Valgrind-3.10.0.SVN and LibVEX; rerun with -h for copyright info
==4011== Command: ./Debug/Master
==4011== Parent PID: 2988
==4011== 
==4011== Thread 3:
==4011== Conditional jump or move depends on uninitialised value(s)
==4011==    at 0x402D09C: strcat (in /usr/lib/valgrind/vgpreload_memcheck-x86-linux.so)
==4011==    by 0x8049D31: hiloWorker (Master.c:372)
==4011==    by 0x405BF6F: start_thread (pthread_create.c:312)
==4011==    by 0x416150D: clone (clone.S:129)
==4011== 
==4011== Thread 2:
==4011== Conditional jump or move depends on uninitialised value(s)
==4011==    at 0x402D09C: strcat (in /usr/lib/valgrind/vgpreload_memcheck-x86-linux.so)
==4011==    by 0x804A2E3: hilo_reduccion_local (Master.c:479)
==4011==    by 0x405BF6F: start_thread (pthread_create.c:312)
==4011==    by 0x416150D: clone (clone.S:129)
==4011== 
==4011== Thread 3:
==4011== Invalid read of size 4
==4011==    at 0x804A63F: hilo_reduccion_local (Master.c:530)
==4011==    by 0x405BF6F: start_thread (pthread_create.c:312)
==4011==    by 0x416150D: clone (clone.S:129)
==4011==  Address 0x4235568 is 0 bytes inside a block of size 1 alloc'd
==4011==    at 0x402A17C: malloc (in /usr/lib/valgrind/vgpreload_memcheck-x86-linux.so)
==4011==    by 0x4072530: recibir (socketConfig.c:189)
==4011==    by 0x804A611: hilo_reduccion_local (Master.c:519)
==4011==    by 0x405BF6F: start_thread (pthread_create.c:312)
==4011==    by 0x416150D: clone (clone.S:129)
==4011== 
==4011== Invalid read of size 4
==4011==    at 0x402EE80: memcpy (in /usr/lib/valgrind/vgpreload_memcheck-x86-linux.so)
==4011==    by 0x804A696: hilo_reduccion_local (Master.c:534)
==4011==    by 0x405BF6F: start_thread (pthread_create.c:312)
==4011==    by 0x416150D: clone (clone.S:129)
==4011==  Address 0x423556c is 3 bytes after a block of size 1 alloc'd
==4011==    at 0x402A17C: malloc (in /usr/lib/valgrind/vgpreload_memcheck-x86-linux.so)
==4011==    by 0x4072530: recibir (socketConfig.c:189)
==4011==    by 0x804A611: hilo_reduccion_local (Master.c:519)
==4011==    by 0x405BF6F: start_thread (pthread_create.c:312)
==4011==    by 0x416150D: clone (clone.S:129)
==4011== 
==4011== Invalid read of size 1
==4011==    at 0x402F048: memcpy (in /usr/lib/valgrind/vgpreload_memcheck-x86-linux.so)
==4011==    by 0x804A696: hilo_reduccion_local (Master.c:534)
==4011==    by 0x405BF6F: start_thread (pthread_create.c:312)
==4011==    by 0x416150D: clone (clone.S:129)
==4011==  Address 0x4235574 is 11 bytes after a block of size 1 alloc'd
==4011==    at 0x402A17C: malloc (in /usr/lib/valgrind/vgpreload_memcheck-x86-linux.so)
==4011==    by 0x4072530: recibir (socketConfig.c:189)
==4011==    by 0x804A611: hilo_reduccion_local (Master.c:519)
==4011==    by 0x405BF6F: start_thread (pthread_create.c:312)
==4011==    by 0x416150D: clone (clone.S:129)
==4011== 
==4011== Invalid read of size 4
==4011==    at 0x804A6B4: hilo_reduccion_local (Master.c:537)
==4011==    by 0x405BF6F: start_thread (pthread_create.c:312)
==4011==    by 0x416150D: clone (clone.S:129)
==4011==  Address 0x4235575 is 12 bytes after a block of size 1 alloc'd
==4011==    at 0x402A17C: malloc (in /usr/lib/valgrind/vgpreload_memcheck-x86-linux.so)
==4011==    by 0x4072530: recibir (socketConfig.c:189)
==4011==    by 0x804A611: hilo_reduccion_local (Master.c:519)
==4011==    by 0x405BF6F: start_thread (pthread_create.c:312)
==4011==    by 0x416150D: clone (clone.S:129)
==4011== 
==4011== Invalid read of size 1
==4011==    at 0x804A6DC: hilo_reduccion_local (Master.c:540)
==4011==    by 0x405BF6F: start_thread (pthread_create.c:312)
==4011==    by 0x416150D: clone (clone.S:129)
==4011==  Address 0x4235579 is 16 bytes after a block of size 1 alloc'd
==4011==    at 0x402A17C: malloc (in /usr/lib/valgrind/vgpreload_memcheck-x86-linux.so)
==4011==    by 0x4072530: recibir (socketConfig.c:189)
==4011==    by 0x804A611: hilo_reduccion_local (Master.c:519)
==4011==    by 0x405BF6F: start_thread (pthread_create.c:312)
==4011==    by 0x416150D: clone (clone.S:129)
==4011== 
==4011== Invalid read of size 4
==4011==    at 0x804A705: hilo_reduccion_local (Master.c:543)
==4011==    by 0x405BF6F: start_thread (pthread_create.c:312)
==4011==    by 0x416150D: clone (clone.S:129)
==4011==  Address 0x423557a is 17 bytes after a block of size 1 alloc'd
==4011==    at 0x402A17C: malloc (in /usr/lib/valgrind/vgpreload_memcheck-x86-linux.so)
==4011==    by 0x4072530: recibir (socketConfig.c:189)
==4011==    by 0x804A611: hilo_reduccion_local (Master.c:519)
==4011==    by 0x405BF6F: start_thread (pthread_create.c:312)
==4011==    by 0x416150D: clone (clone.S:129)
==4011== 
==4011== Invalid write of size 2
==4011==    at 0x402EED3: memcpy (in /usr/lib/valgrind/vgpreload_memcheck-x86-linux.so)
==4011==    by 0x804A921: hilo_reduccion_local (Master.c:577)
==4011==    by 0x405BF6F: start_thread (pthread_create.c:312)
==4011==    by 0x416150D: clone (clone.S:129)
==4011==  Address 0x423563e is 46 bytes inside a block of size 47 alloc'd
==4011==    at 0x402A17C: malloc (in /usr/lib/valgrind/vgpreload_memcheck-x86-linux.so)
==4011==    by 0x804A7DD: hilo_reduccion_local (Master.c:556)
==4011==    by 0x405BF6F: start_thread (pthread_create.c:312)
==4011==    by 0x416150D: clone (clone.S:129)
==4011== 
==4011== Thread 2:
==4011== Invalid read of size 4
==4011==    at 0x402EE8A: memcpy (in /usr/lib/valgrind/vgpreload_memcheck-x86-linux.so)
==4011==    by 0x4072458: enviar (socketConfig.c:161)
==4011==    by 0x804A965: hilo_reduccion_local (Master.c:580)
==4011==    by 0x405BF6F: start_thread (pthread_create.c:312)
==4011==    by 0x416150D: clone (clone.S:129)
==4011==  Address 0x4235744 is 44 bytes inside a block of size 47 alloc'd
==4011==    at 0x402A17C: malloc (in /usr/lib/valgrind/vgpreload_memcheck-x86-linux.so)
==4011==    by 0x804A7DD: hilo_reduccion_local (Master.c:556)
==4011==    by 0x405BF6F: start_thread (pthread_create.c:312)
==4011==    by 0x416150D: clone (clone.S:129)
==4011== 
==4011== Invalid read of size 2
==4011==    at 0x402EED0: memcpy (in /usr/lib/valgrind/vgpreload_memcheck-x86-linux.so)
==4011==    by 0x4072458: enviar (socketConfig.c:161)
==4011==    by 0x804A965: hilo_reduccion_local (Master.c:580)
==4011==    by 0x405BF6F: start_thread (pthread_create.c:312)
==4011==    by 0x416150D: clone (clone.S:129)
==4011==  Address 0x4235748 is 1 bytes after a block of size 47 alloc'd
==4011==    at 0x402A17C: malloc (in /usr/lib/valgrind/vgpreload_memcheck-x86-linux.so)
==4011==    by 0x804A7DD: hilo_reduccion_local (Master.c:556)
==4011==    by 0x405BF6F: start_thread (pthread_create.c:312)
==4011==    by 0x416150D: clone (clone.S:129)
==4011== 
==4011== Invalid free() / delete / delete[] / realloc()
==4011==    at 0x402B3D8: free (in /usr/lib/valgrind/vgpreload_memcheck-x86-linux.so)
==4011==    by 0x804A981: hilo_reduccion_local (Master.c:582)
==4011==    by 0x405BF6F: start_thread (pthread_create.c:312)
==4011==    by 0x416150D: clone (clone.S:129)
==4011==  Address 0x804aedc is not stack'd, malloc'd or (recently) free'd
==4011== 
==4011== Thread 1:
==4011== Conditional jump or move depends on uninitialised value(s)
==4011==    at 0x8048F02: main (Master.c:60)
==4011== 
==4011== Conditional jump or move depends on uninitialised value(s)
==4011==    at 0x8048F2D: main (Master.c:63)
==4011== 
==4011== Conditional jump or move depends on uninitialised value(s)
==4011==    at 0x8048F58: main (Master.c:66)
==4011== 
==4011== Conditional jump or move depends on uninitialised value(s)
==4011==    at 0x80491F6: main (Master.c:133)
==4011== 
==4011== Conditional jump or move depends on uninitialised value(s)
==4011==    at 0x804946A: main (Master.c:183)
==4011== 
==4011== 
==4011== HEAP SUMMARY:
==4011==     in use at exit: 25,054 bytes in 293 blocks
==4011==   total heap usage: 419 allocs, 128 frees, 47,780 bytes allocated
==4011== 
==4011== 0 bytes in 2 blocks are definitely lost in loss record 1 of 55
==4011==    at 0x402A17C: malloc (in /usr/lib/valgrind/vgpreload_memcheck-x86-linux.so)
==4011==    by 0x804A729: hilo_reduccion_local (Master.c:545)
==4011==    by 0x405BF6F: start_thread (pthread_create.c:312)
==4011==    by 0x416150D: clone (clone.S:129)
==4011== 
==4011== 18 bytes in 1 blocks are definitely lost in loss record 18 of 55
==4011==    at 0x402A17C: malloc (in /usr/lib/valgrind/vgpreload_memcheck-x86-linux.so)
==4011==    by 0x40725F4: realizar_handshake (socketConfig.c:221)
==4011==    by 0x8048EA4: main (Master.c:53)
==4011== 
==4011== 18 bytes in 2 blocks are definitely lost in loss record 19 of 55
==4011==    at 0x402A17C: malloc (in /usr/lib/valgrind/vgpreload_memcheck-x86-linux.so)
==4011==    by 0x804A663: hilo_reduccion_local (Master.c:532)
==4011==    by 0x405BF6F: start_thread (pthread_create.c:312)
==4011==    by 0x416150D: clone (clone.S:129)
==4011== 
==4011== 20 bytes in 2 blocks are definitely lost in loss record 22 of 55
==4011==    at 0x402A17C: malloc (in /usr/lib/valgrind/vgpreload_memcheck-x86-linux.so)
==4011==    by 0x8049DE1: hiloWorker (Master.c:403)
==4011==    by 0x405BF6F: start_thread (pthread_create.c:312)
==4011==    by 0x416150D: clone (clone.S:129)
==4011== 
==4011== 26 (24 direct, 2 indirect) bytes in 2 blocks are definitely lost in loss record 24 of 55
==4011==    at 0x402A17C: malloc (in /usr/lib/valgrind/vgpreload_memcheck-x86-linux.so)
==4011==    by 0x4072498: recibir (socketConfig.c:172)
==4011==    by 0x804A611: hilo_reduccion_local (Master.c:519)
==4011==    by 0x405BF6F: start_thread (pthread_create.c:312)
==4011==    by 0x416150D: clone (clone.S:129)
==4011== 
==4011== 30 (24 direct, 6 indirect) bytes in 2 blocks are definitely lost in loss record 25 of 55
==4011==    at 0x402A17C: malloc (in /usr/lib/valgrind/vgpreload_memcheck-x86-linux.so)
==4011==    by 0x4072498: recibir (socketConfig.c:172)
==4011==    by 0x8049E7B: hiloWorker (Master.c:408)
==4011==    by 0x405BF6F: start_thread (pthread_create.c:312)
==4011==    by 0x416150D: clone (clone.S:129)
==4011== 
==4011== 32 bytes in 1 blocks are definitely lost in loss record 26 of 55
==4011==    at 0x402A17C: malloc (in /usr/lib/valgrind/vgpreload_memcheck-x86-linux.so)
==4011==    by 0x4072088: _configurar_addrinfo (socketConfig.c:49)
==4011==    by 0x4072124: conectar_a (socketConfig.c:67)
==4011==    by 0x8048E8A: main (Master.c:52)
==4011== 
==4011== 36 bytes in 2 blocks are definitely lost in loss record 28 of 55
==4011==    at 0x402A17C: malloc (in /usr/lib/valgrind/vgpreload_memcheck-x86-linux.so)
==4011==    by 0x40725F4: realizar_handshake (socketConfig.c:221)
==4011==    by 0x8049E49: hiloWorker (Master.c:406)
==4011==    by 0x405BF6F: start_thread (pthread_create.c:312)
==4011==    by 0x416150D: clone (clone.S:129)
==4011== 
==4011== 36 bytes in 2 blocks are definitely lost in loss record 29 of 55
==4011==    at 0x402A17C: malloc (in /usr/lib/valgrind/vgpreload_memcheck-x86-linux.so)
==4011==    by 0x40725F4: realizar_handshake (socketConfig.c:221)
==4011==    by 0x804A1D4: hilo_reduccion_local (Master.c:457)
==4011==    by 0x405BF6F: start_thread (pthread_create.c:312)
==4011==    by 0x416150D: clone (clone.S:129)
==4011== 
==4011== 64 bytes in 2 blocks are definitely lost in loss record 36 of 55
==4011==    at 0x402A17C: malloc (in /usr/lib/valgrind/vgpreload_memcheck-x86-linux.so)
==4011==    by 0x4072088: _configurar_addrinfo (socketConfig.c:49)
==4011==    by 0x4072124: conectar_a (socketConfig.c:67)
==4011==    by 0x8049E2D: hiloWorker (Master.c:405)
==4011==    by 0x405BF6F: start_thread (pthread_create.c:312)
==4011==    by 0x416150D: clone (clone.S:129)
==4011== 
==4011== 64 bytes in 2 blocks are definitely lost in loss record 37 of 55
==4011==    at 0x402A17C: malloc (in /usr/lib/valgrind/vgpreload_memcheck-x86-linux.so)
==4011==    by 0x4072088: _configurar_addrinfo (socketConfig.c:49)
==4011==    by 0x4072124: conectar_a (socketConfig.c:67)
==4011==    by 0x804A1B8: hilo_reduccion_local (Master.c:456)
==4011==    by 0x405BF6F: start_thread (pthread_create.c:312)
==4011==    by 0x416150D: clone (clone.S:129)
==4011== 
==4011== 249 (8 direct, 241 indirect) bytes in 1 blocks are definitely lost in loss record 39 of 55
==4011==    at 0x402A17C: malloc (in /usr/lib/valgrind/vgpreload_memcheck-x86-linux.so)
==4011==    by 0x404FF0B: config_create (in /usr/lib/libcommons.so)
==4011==    by 0x8048CEB: get_configuracion (Master.h:46)
==4011==    by 0x8048E60: main (Master.c:48)
==4011== 
==4011== 272 bytes in 2 blocks are possibly lost in loss record 43 of 55
==4011==    at 0x402C109: calloc (in /usr/lib/valgrind/vgpreload_memcheck-x86-linux.so)
==4011==    by 0x401117E: allocate_dtv (dl-tls.c:296)
==4011==    by 0x40118EB: _dl_allocate_tls (dl-tls.c:460)
==4011==    by 0x405C7A2: pthread_create@@GLIBC_2.1 (allocatestack.c:589)
==4011==    by 0x8048D9C: iniciarHiloWorker.4954 (Master.c:130)
==4011==    by 0x404DA00: list_iterate (in /usr/lib/libcommons.so)
==4011==    by 0x80491E8: main (Master.c:132)
==4011== 
==4011== 272 bytes in 2 blocks are possibly lost in loss record 44 of 55
==4011==    at 0x402C109: calloc (in /usr/lib/valgrind/vgpreload_memcheck-x86-linux.so)
==4011==    by 0x401117E: allocate_dtv (dl-tls.c:296)
==4011==    by 0x40118EB: _dl_allocate_tls (dl-tls.c:460)
==4011==    by 0x405C7A2: pthread_create@@GLIBC_2.1 (allocatestack.c:589)
==4011==    by 0x804945F: main (Master.c:182)
==4011== 
==4011== 878 bytes in 2 blocks are definitely lost in loss record 50 of 55
==4011==    at 0x402A17C: malloc (in /usr/lib/valgrind/vgpreload_memcheck-x86-linux.so)
==4011==    by 0x8049CD6: hiloWorker (Master.c:368)
==4011==    by 0x405BF6F: start_thread (pthread_create.c:312)
==4011==    by 0x416150D: clone (clone.S:129)
==4011== 
==4011== 878 bytes in 2 blocks are definitely lost in loss record 51 of 55
==4011==    at 0x402A17C: malloc (in /usr/lib/valgrind/vgpreload_memcheck-x86-linux.so)
==4011==    by 0x804A282: hilo_reduccion_local (Master.c:475)
==4011==    by 0x405BF6F: start_thread (pthread_create.c:312)
==4011==    by 0x416150D: clone (clone.S:129)
==4011== 
==4011== 1,392 (48 direct, 1,344 indirect) bytes in 4 blocks are definitely lost in loss record 53 of 55
==4011==    at 0x402A17C: malloc (in /usr/lib/valgrind/vgpreload_memcheck-x86-linux.so)
==4011==    by 0x4072498: recibir (socketConfig.c:172)
==4011==    by 0x8048EF6: main (Master.c:59)
==4011== 
==4011== 1,480 bytes in 2 blocks are definitely lost in loss record 54 of 55
==4011==    at 0x402A17C: malloc (in /usr/lib/valgrind/vgpreload_memcheck-x86-linux.so)
==4011==    by 0x804A379: hilo_reduccion_local (Master.c:484)
==4011==    by 0x405BF6F: start_thread (pthread_create.c:312)
==4011==    by 0x416150D: clone (clone.S:129)
==4011== 
==4011== 15,716 bytes in 2 blocks are definitely lost in loss record 55 of 55
==4011==    at 0x402A17C: malloc (in /usr/lib/valgrind/vgpreload_memcheck-x86-linux.so)
==4011==    by 0x8049D9E: hiloWorker (Master.c:379)
==4011==    by 0x405BF6F: start_thread (pthread_create.c:312)
==4011==    by 0x416150D: clone (clone.S:129)
==4011== 
==4011== LEAK SUMMARY:
==4011==    definitely lost: 19,344 bytes in 33 blocks
==4011==    indirectly lost: 1,593 bytes in 16 blocks
==4011==      possibly lost: 544 bytes in 4 blocks
==4011==    still reachable: 3,573 bytes in 240 blocks
==4011==         suppressed: 0 bytes in 0 blocks
==4011== Reachable blocks (those to which a pointer was found) are not shown.
==4011== To see them, rerun with: --leak-check=full --show-leak-kinds=all
==4011== 
==4011== For counts of detected and suppressed errors, rerun with: -v
==4011== Use --track-origins=yes to see where uninitialised values come from
==4011== ERROR SUMMARY: 52 errors from 36 contexts (suppressed: 0 from 0)
